<?xml version="1.0" encoding="UTF-8"?>
<!-- Generated by org.testng.reporters.JUnitReportReporter -->
<testsuite hostname="LAPTOP-J50UHHCV" failures="0" tests="1" name="TestScripts.FirstTest" time="6.773" errors="0" timestamp="2023-02-26T20:30:19 IST" skipped="0">
  <testcase classname="TestScripts.FirstTest" name="firsttest" time="6.773"/>
  <system-out/>
</testsuite> <!-- TestScripts.FirstTest -->
