<?xml version="1.0" encoding="UTF-8"?>
<!-- Generated by org.testng.reporters.JUnitReportReporter -->
<testsuite hostname="LAPTOP-J50UHHCV" failures="0" tests="1" name="TestScripts.FourthTest" time="14.946" errors="0" timestamp="2023-02-28T14:15:01 IST" skipped="0">
  <testcase classname="TestScripts.FourthTest" name="fourthtest" time="14.946"/>
  <system-out/>
</testsuite> <!-- TestScripts.FourthTest -->
