<?xml version="1.0" encoding="UTF-8"?>
<!-- Generated by org.testng.reporters.JUnitReportReporter -->
<testsuite hostname="LAPTOP-J50UHHCV" failures="0" tests="1" name="TestScripts.SecondTest" time="21.783" errors="0" timestamp="2023-02-28T13:19:08 IST" skipped="0">
  <testcase classname="TestScripts.SecondTest" name="secondtest" time="21.783"/>
  <system-out/>
</testsuite> <!-- TestScripts.SecondTest -->
